2021-05-14 18:12:31.314  INFO 13281 --- [restartedMain] c.silga.dolocloud.DoloCloudApplication   : Starting DoloCloudApplication using Java 16.0.1 on SILGAs-MacBook-Pro.local with PID 13281 (/Users/pinguedwinde/Projects/Web/dolo-cloud/target/classes started by pinguedwinde in /Users/pinguedwinde/Projects/Web/dolo-cloud)
2021-05-14 18:12:31.319  INFO 13281 --- [restartedMain] c.silga.dolocloud.DoloCloudApplication   : No active profile set, falling back to default profiles: default
2021-05-14 18:12:31.365  INFO 13281 --- [restartedMain] .e.DevToolsPropertyDefaultsPostProcessor : Devtools property defaults active! Set 'spring.devtools.add-properties' to 'false' to disable
2021-05-14 18:12:31.365  INFO 13281 --- [restartedMain] .e.DevToolsPropertyDefaultsPostProcessor : For additional web related logging consider setting the 'logging.level.web' property to 'DEBUG'
2021-05-14 18:12:32.096  INFO 13281 --- [restartedMain] .s.d.r.c.RepositoryConfigurationDelegate : Bootstrapping Spring Data JPA repositories in DEFAULT mode.
2021-05-14 18:12:32.165  INFO 13281 --- [restartedMain] .s.d.r.c.RepositoryConfigurationDelegate : Finished Spring Data repository scanning in 52 ms. Found 4 JPA repository interfaces.
2021-05-14 18:12:32.749  INFO 13281 --- [restartedMain] o.s.b.w.embedded.tomcat.TomcatWebServer  : Tomcat initialized with port(s): 8090 (http)
2021-05-14 18:12:32.758  INFO 13281 --- [restartedMain] o.apache.catalina.core.StandardService   : Starting service [Tomcat]
2021-05-14 18:12:32.758  INFO 13281 --- [restartedMain] org.apache.catalina.core.StandardEngine  : Starting Servlet engine: [Apache Tomcat/9.0.45]
2021-05-14 18:12:32.843  INFO 13281 --- [restartedMain] o.a.c.c.C.[Tomcat].[localhost].[/]       : Initializing Spring embedded WebApplicationContext
2021-05-14 18:12:32.843  INFO 13281 --- [restartedMain] w.s.c.ServletWebServerApplicationContext : Root WebApplicationContext: initialization completed in 1477 ms
2021-05-14 18:12:32.885  INFO 13281 --- [restartedMain] com.zaxxer.hikari.HikariDataSource       : dolocloud - Starting...
2021-05-14 18:12:33.000  INFO 13281 --- [restartedMain] com.zaxxer.hikari.HikariDataSource       : dolocloud - Start completed.
2021-05-14 18:12:33.060  INFO 13281 --- [restartedMain] o.s.b.a.h2.H2ConsoleAutoConfiguration    : H2 console available at '/h2-console'. Database available at 'jdbc:h2:mem:dolocloud'
2021-05-14 18:12:33.124  INFO 13281 --- [restartedMain] o.s.b.d.a.OptionalLiveReloadServer       : LiveReload server is running on port 35729
2021-05-14 18:12:33.174  INFO 13281 --- [restartedMain] o.hibernate.jpa.internal.util.LogHelper  : HHH000204: Processing PersistenceUnitInfo [name: default]
2021-05-14 18:12:33.223  INFO 13281 --- [restartedMain] org.hibernate.Version                    : HHH000412: Hibernate ORM core version 5.4.30.Final
2021-05-14 18:12:33.361  INFO 13281 --- [restartedMain] o.hibernate.annotations.common.Version   : HCANN000001: Hibernate Commons Annotations {5.1.2.Final}
2021-05-14 18:12:33.470  INFO 13281 --- [restartedMain] org.hibernate.dialect.Dialect            : HHH000400: Using dialect: org.hibernate.dialect.H2Dialect
2021-05-14 18:12:34.120  INFO 13281 --- [restartedMain] o.h.e.t.j.p.i.JtaPlatformInitiator       : HHH000490: Using JtaPlatform implementation: [org.hibernate.engine.transaction.jta.platform.internal.NoJtaPlatform]
2021-05-14 18:12:34.128  INFO 13281 --- [restartedMain] j.LocalContainerEntityManagerFactoryBean : Initialized JPA EntityManagerFactory for persistence unit 'default'
2021-05-14 18:12:34.778  WARN 13281 --- [restartedMain] JpaBaseConfiguration$JpaWebConfiguration : spring.jpa.open-in-view is enabled by default. Therefore, database queries may be performed during view rendering. Explicitly configure spring.jpa.open-in-view to disable this warning
2021-05-14 18:12:35.073  INFO 13281 --- [restartedMain] o.s.s.web.DefaultSecurityFilterChain     : Will secure any request with [org.springframework.security.web.context.request.async.WebAsyncManagerIntegrationFilter@608cccbb, org.springframework.security.web.context.SecurityContextPersistenceFilter@57db95cc, org.springframework.security.web.header.HeaderWriterFilter@17843404, org.springframework.security.web.csrf.CsrfFilter@39b2735f, org.springframework.security.web.authentication.logout.LogoutFilter@4098c3bf, org.springframework.security.oauth2.client.web.OAuth2AuthorizationRequestRedirectFilter@40a29be4, org.springframework.security.oauth2.client.web.OAuth2LoginAuthenticationFilter@300dbfd5, org.springframework.security.web.authentication.UsernamePasswordAuthenticationFilter@57d93210, org.springframework.security.web.savedrequest.RequestCacheAwareFilter@25385a2b, org.springframework.security.web.servletapi.SecurityContextHolderAwareRequestFilter@3c31740d, org.springframework.security.web.authentication.AnonymousAuthenticationFilter@342516f5, org.springframework.security.web.session.SessionManagementFilter@5eff530c, org.springframework.security.web.access.ExceptionTranslationFilter@6f476b18, org.springframework.security.web.access.intercept.FilterSecurityInterceptor@16a84d4b]
2021-05-14 18:12:35.116  INFO 13281 --- [restartedMain] o.s.s.concurrent.ThreadPoolTaskExecutor  : Initializing ExecutorService 'applicationTaskExecutor'
2021-05-14 18:12:35.299  INFO 13281 --- [restartedMain] o.s.b.w.embedded.tomcat.TomcatWebServer  : Tomcat started on port(s): 8090 (http) with context path ''
2021-05-14 18:12:35.311  INFO 13281 --- [restartedMain] c.silga.dolocloud.DoloCloudApplication   : Started DoloCloudApplication in 4.342 seconds (JVM running for 10.1)
2021-05-14 18:13:18.385  INFO 13281 --- [http-nio-8090-exec-1] o.a.c.c.C.[Tomcat].[localhost].[/]       : Initializing Spring DispatcherServlet 'dispatcherServlet'
2021-05-14 18:13:18.386  INFO 13281 --- [http-nio-8090-exec-1] o.s.web.servlet.DispatcherServlet        : Initializing Servlet 'dispatcherServlet'
2021-05-14 18:13:18.387  INFO 13281 --- [http-nio-8090-exec-1] o.s.web.servlet.DispatcherServlet        : Completed initialization in 1 ms
2021-05-14 18:15:46.898  INFO 13281 --- [Thread-4] o.s.s.concurrent.ThreadPoolTaskExecutor  : Shutting down ExecutorService 'applicationTaskExecutor'
2021-05-14 18:15:46.903  INFO 13281 --- [Thread-4] j.LocalContainerEntityManagerFactoryBean : Closing JPA EntityManagerFactory for persistence unit 'default'
2021-05-14 18:15:46.903  INFO 13281 --- [Thread-4] .SchemaDropperImpl$DelayedDropActionImpl : HHH000477: Starting delayed evictData of schema as part of SessionFactory shut-down'
2021-05-14 18:15:47.138  WARN 13281 --- [Thread-4] o.s.b.f.support.DisposableBeanAdapter    : Invocation of destroy method failed on bean with name 'inMemoryDatabaseShutdownExecutor': org.h2.jdbc.JdbcSQLNonTransientConnectionException: Database is already closed (to disable automatic closing at VM shutdown, add ";DB_CLOSE_ON_EXIT=FALSE" to the db URL) [90121-200]
2021-05-14 18:15:47.139  INFO 13281 --- [Thread-4] com.zaxxer.hikari.HikariDataSource       : dolocloud - Shutdown initiated...
2021-05-14 18:15:47.142  INFO 13281 --- [Thread-4] com.zaxxer.hikari.HikariDataSource       : dolocloud - Shutdown completed.
2021-05-14 18:15:52.228  INFO 13281 --- [restartedMain] c.silga.dolocloud.DoloCloudApplication   : Starting DoloCloudApplication using Java 16.0.1 on SILGAs-MacBook-Pro.local with PID 13281 (/Users/pinguedwinde/Projects/Web/dolo-cloud/target/classes started by pinguedwinde in /Users/pinguedwinde/Projects/Web/dolo-cloud)
2021-05-14 18:15:52.228  INFO 13281 --- [restartedMain] c.silga.dolocloud.DoloCloudApplication   : No active profile set, falling back to default profiles: default
2021-05-14 18:15:52.363  INFO 13281 --- [restartedMain] .s.d.r.c.RepositoryConfigurationDelegate : Bootstrapping Spring Data JPA repositories in DEFAULT mode.
2021-05-14 18:15:52.376  INFO 13281 --- [restartedMain] .s.d.r.c.RepositoryConfigurationDelegate : Finished Spring Data repository scanning in 12 ms. Found 4 JPA repository interfaces.
2021-05-14 18:15:52.467  INFO 13281 --- [restartedMain] o.s.b.w.embedded.tomcat.TomcatWebServer  : Tomcat initialized with port(s): 8090 (http)
2021-05-14 18:15:52.468  INFO 13281 --- [restartedMain] o.apache.catalina.core.StandardService   : Starting service [Tomcat]
2021-05-14 18:15:52.468  INFO 13281 --- [restartedMain] org.apache.catalina.core.StandardEngine  : Starting Servlet engine: [Apache Tomcat/9.0.45]
2021-05-14 18:15:52.482  INFO 13281 --- [restartedMain] o.a.c.c.C.[Tomcat].[localhost].[/]       : Initializing Spring embedded WebApplicationContext
2021-05-14 18:15:52.482  INFO 13281 --- [restartedMain] w.s.c.ServletWebServerApplicationContext : Root WebApplicationContext: initialization completed in 252 ms
2021-05-14 18:15:52.496  INFO 13281 --- [restartedMain] com.zaxxer.hikari.HikariDataSource       : dolocloud - Starting...
2021-05-14 18:15:52.498  INFO 13281 --- [restartedMain] com.zaxxer.hikari.HikariDataSource       : dolocloud - Start completed.
2021-05-14 18:15:52.506  INFO 13281 --- [restartedMain] o.s.b.a.h2.H2ConsoleAutoConfiguration    : H2 console available at '/h2-console'. Database available at 'jdbc:h2:mem:dolocloud'
2021-05-14 18:15:52.529  INFO 13281 --- [restartedMain] o.s.b.d.a.OptionalLiveReloadServer       : LiveReload server is running on port 35729
2021-05-14 18:15:52.540  INFO 13281 --- [restartedMain] o.hibernate.jpa.internal.util.LogHelper  : HHH000204: Processing PersistenceUnitInfo [name: default]
2021-05-14 18:15:52.544  INFO 13281 --- [restartedMain] org.hibernate.dialect.Dialect            : HHH000400: Using dialect: org.hibernate.dialect.H2Dialect
2021-05-14 18:15:52.617  INFO 13281 --- [restartedMain] o.h.e.t.j.p.i.JtaPlatformInitiator       : HHH000490: Using JtaPlatform implementation: [org.hibernate.engine.transaction.jta.platform.internal.NoJtaPlatform]
2021-05-14 18:15:52.617  INFO 13281 --- [restartedMain] j.LocalContainerEntityManagerFactoryBean : Initialized JPA EntityManagerFactory for persistence unit 'default'
2021-05-14 18:15:52.925  WARN 13281 --- [restartedMain] JpaBaseConfiguration$JpaWebConfiguration : spring.jpa.open-in-view is enabled by default. Therefore, database queries may be performed during view rendering. Explicitly configure spring.jpa.open-in-view to disable this warning
2021-05-14 18:15:52.996  INFO 13281 --- [restartedMain] o.s.s.web.DefaultSecurityFilterChain     : Will secure any request with [org.springframework.security.web.context.request.async.WebAsyncManagerIntegrationFilter@752702e9, org.springframework.security.web.context.SecurityContextPersistenceFilter@73838c2, org.springframework.security.web.header.HeaderWriterFilter@1163c75, org.springframework.security.web.csrf.CsrfFilter@5cf0494b, org.springframework.security.web.authentication.logout.LogoutFilter@56a0e80c, org.springframework.security.oauth2.client.web.OAuth2AuthorizationRequestRedirectFilter@587e8db, org.springframework.security.oauth2.client.web.OAuth2LoginAuthenticationFilter@55b72943, org.springframework.security.web.authentication.UsernamePasswordAuthenticationFilter@60ff4338, org.springframework.security.web.savedrequest.RequestCacheAwareFilter@1df9c2af, org.springframework.security.web.servletapi.SecurityContextHolderAwareRequestFilter@2d3cb0f1, org.springframework.security.web.authentication.AnonymousAuthenticationFilter@6f5b79f6, org.springframework.security.web.session.SessionManagementFilter@595c98b3, org.springframework.security.web.access.ExceptionTranslationFilter@2d96e9bb, org.springframework.security.web.access.intercept.FilterSecurityInterceptor@43fc699d]
2021-05-14 18:15:53.007  INFO 13281 --- [restartedMain] o.s.s.concurrent.ThreadPoolTaskExecutor  : Initializing ExecutorService 'applicationTaskExecutor'
2021-05-14 18:15:53.063  INFO 13281 --- [restartedMain] o.s.b.w.embedded.tomcat.TomcatWebServer  : Tomcat started on port(s): 8090 (http) with context path ''
2021-05-14 18:15:53.068  INFO 13281 --- [restartedMain] c.silga.dolocloud.DoloCloudApplication   : Started DoloCloudApplication in 5.871 seconds (JVM running for 207.862)
2021-05-14 18:15:53.083  INFO 13281 --- [restartedMain] .ConditionEvaluationDeltaLoggingListener : Condition evaluation unchanged
2021-05-14 18:15:54.481  INFO 13281 --- [Thread-8] o.s.s.concurrent.ThreadPoolTaskExecutor  : Shutting down ExecutorService 'applicationTaskExecutor'
2021-05-14 18:15:54.483  INFO 13281 --- [Thread-8] j.LocalContainerEntityManagerFactoryBean : Closing JPA EntityManagerFactory for persistence unit 'default'
2021-05-14 18:15:54.483  INFO 13281 --- [Thread-8] .SchemaDropperImpl$DelayedDropActionImpl : HHH000477: Starting delayed evictData of schema as part of SessionFactory shut-down'
2021-05-14 18:15:54.687  WARN 13281 --- [Thread-8] o.s.b.f.support.DisposableBeanAdapter    : Invocation of destroy method failed on bean with name 'inMemoryDatabaseShutdownExecutor': org.h2.jdbc.JdbcSQLNonTransientConnectionException: Database is already closed (to disable automatic closing at VM shutdown, add ";DB_CLOSE_ON_EXIT=FALSE" to the db URL) [90121-200]
2021-05-14 18:15:54.688  INFO 13281 --- [Thread-8] com.zaxxer.hikari.HikariDataSource       : dolocloud - Shutdown initiated...
2021-05-14 18:15:54.689  INFO 13281 --- [Thread-8] com.zaxxer.hikari.HikariDataSource       : dolocloud - Shutdown completed.
2021-05-14 18:15:54.750  INFO 13281 --- [restartedMain] c.silga.dolocloud.DoloCloudApplication   : Starting DoloCloudApplication using Java 16.0.1 on SILGAs-MacBook-Pro.local with PID 13281 (/Users/pinguedwinde/Projects/Web/dolo-cloud/target/classes started by pinguedwinde in /Users/pinguedwinde/Projects/Web/dolo-cloud)
2021-05-14 18:15:54.750  INFO 13281 --- [restartedMain] c.silga.dolocloud.DoloCloudApplication   : No active profile set, falling back to default profiles: default
2021-05-14 18:15:54.884  INFO 13281 --- [restartedMain] .s.d.r.c.RepositoryConfigurationDelegate : Bootstrapping Spring Data JPA repositories in DEFAULT mode.
2021-05-14 18:15:54.897  INFO 13281 --- [restartedMain] .s.d.r.c.RepositoryConfigurationDelegate : Finished Spring Data repository scanning in 12 ms. Found 4 JPA repository interfaces.
2021-05-14 18:15:54.981  INFO 13281 --- [restartedMain] o.s.b.w.embedded.tomcat.TomcatWebServer  : Tomcat initialized with port(s): 8090 (http)
2021-05-14 18:15:54.982  INFO 13281 --- [restartedMain] o.apache.catalina.core.StandardService   : Starting service [Tomcat]
2021-05-14 18:15:54.982  INFO 13281 --- [restartedMain] org.apache.catalina.core.StandardEngine  : Starting Servlet engine: [Apache Tomcat/9.0.45]
2021-05-14 18:15:54.993  INFO 13281 --- [restartedMain] o.a.c.c.C.[Tomcat].[localhost].[/]       : Initializing Spring embedded WebApplicationContext
2021-05-14 18:15:54.993  INFO 13281 --- [restartedMain] w.s.c.ServletWebServerApplicationContext : Root WebApplicationContext: initialization completed in 241 ms
2021-05-14 18:15:55.008  INFO 13281 --- [restartedMain] com.zaxxer.hikari.HikariDataSource       : dolocloud - Starting...
2021-05-14 18:15:55.010  INFO 13281 --- [restartedMain] com.zaxxer.hikari.HikariDataSource       : dolocloud - Start completed.
2021-05-14 18:15:55.017  INFO 13281 --- [restartedMain] o.s.b.a.h2.H2ConsoleAutoConfiguration    : H2 console available at '/h2-console'. Database available at 'jdbc:h2:mem:dolocloud'
2021-05-14 18:15:55.033  INFO 13281 --- [restartedMain] o.s.b.d.a.OptionalLiveReloadServer       : LiveReload server is running on port 35729
2021-05-14 18:15:55.043  INFO 13281 --- [restartedMain] o.hibernate.jpa.internal.util.LogHelper  : HHH000204: Processing PersistenceUnitInfo [name: default]
2021-05-14 18:15:55.047  INFO 13281 --- [restartedMain] org.hibernate.dialect.Dialect            : HHH000400: Using dialect: org.hibernate.dialect.H2Dialect
2021-05-14 18:15:55.112  INFO 13281 --- [restartedMain] o.h.e.t.j.p.i.JtaPlatformInitiator       : HHH000490: Using JtaPlatform implementation: [org.hibernate.engine.transaction.jta.platform.internal.NoJtaPlatform]
2021-05-14 18:15:55.112  INFO 13281 --- [restartedMain] j.LocalContainerEntityManagerFactoryBean : Initialized JPA EntityManagerFactory for persistence unit 'default'
2021-05-14 18:15:55.411  WARN 13281 --- [restartedMain] JpaBaseConfiguration$JpaWebConfiguration : spring.jpa.open-in-view is enabled by default. Therefore, database queries may be performed during view rendering. Explicitly configure spring.jpa.open-in-view to disable this warning
2021-05-14 18:15:55.474  INFO 13281 --- [restartedMain] o.s.s.web.DefaultSecurityFilterChain     : Will secure any request with [org.springframework.security.web.context.request.async.WebAsyncManagerIntegrationFilter@1e8b83fd, org.springframework.security.web.context.SecurityContextPersistenceFilter@79e8588f, org.springframework.security.web.header.HeaderWriterFilter@4ee2b941, org.springframework.security.web.csrf.CsrfFilter@2bf6f5f2, org.springframework.security.web.authentication.logout.LogoutFilter@52943836, org.springframework.security.oauth2.client.web.OAuth2AuthorizationRequestRedirectFilter@360eeccf, org.springframework.security.oauth2.client.web.OAuth2LoginAuthenticationFilter@10e77585, org.springframework.security.web.authentication.UsernamePasswordAuthenticationFilter@22245685, org.springframework.security.web.savedrequest.RequestCacheAwareFilter@3c16531a, org.springframework.security.web.servletapi.SecurityContextHolderAwareRequestFilter@6765dd68, org.springframework.security.web.authentication.AnonymousAuthenticationFilter@1e1b7ed7, org.springframework.security.web.session.SessionManagementFilter@652d68bd, org.springframework.security.web.access.ExceptionTranslationFilter@59039707, org.springframework.security.web.access.intercept.FilterSecurityInterceptor@22d596e2]
2021-05-14 18:15:55.485  INFO 13281 --- [restartedMain] o.s.s.concurrent.ThreadPoolTaskExecutor  : Initializing ExecutorService 'applicationTaskExecutor'
2021-05-14 18:15:55.533  INFO 13281 --- [restartedMain] o.s.b.w.embedded.tomcat.TomcatWebServer  : Tomcat started on port(s): 8090 (http) with context path ''
2021-05-14 18:15:55.537  INFO 13281 --- [restartedMain] c.silga.dolocloud.DoloCloudApplication   : Started DoloCloudApplication in 0.808 seconds (JVM running for 210.331)
2021-05-14 18:15:55.551  INFO 13281 --- [restartedMain] .ConditionEvaluationDeltaLoggingListener : Condition evaluation unchanged
2021-05-14 18:17:08.144  INFO 13281 --- [SpringContextShutdownHook] o.s.s.concurrent.ThreadPoolTaskExecutor  : Shutting down ExecutorService 'applicationTaskExecutor'
2021-05-14 18:17:08.146  INFO 13281 --- [SpringContextShutdownHook] j.LocalContainerEntityManagerFactoryBean : Closing JPA EntityManagerFactory for persistence unit 'default'
2021-05-14 18:17:08.147  INFO 13281 --- [SpringContextShutdownHook] .SchemaDropperImpl$DelayedDropActionImpl : HHH000477: Starting delayed evictData of schema as part of SessionFactory shut-down'
2021-05-14 18:17:08.352  WARN 13281 --- [SpringContextShutdownHook] o.s.b.f.support.DisposableBeanAdapter    : Invocation of destroy method failed on bean with name 'inMemoryDatabaseShutdownExecutor': org.h2.jdbc.JdbcSQLNonTransientConnectionException: Database is already closed (to disable automatic closing at VM shutdown, add ";DB_CLOSE_ON_EXIT=FALSE" to the db URL) [90121-200]
2021-05-14 18:17:08.353  INFO 13281 --- [SpringContextShutdownHook] com.zaxxer.hikari.HikariDataSource       : dolocloud - Shutdown initiated...
2021-05-14 18:17:08.354  INFO 13281 --- [SpringContextShutdownHook] com.zaxxer.hikari.HikariDataSource       : dolocloud - Shutdown completed.
2021-05-14 18:17:17.035  INFO 13371 --- [restartedMain] c.silga.dolocloud.DoloCloudApplication   : Starting DoloCloudApplication using Java 16.0.1 on SILGAs-MacBook-Pro.local with PID 13371 (/Users/pinguedwinde/Projects/Web/dolo-cloud/target/classes started by pinguedwinde in /Users/pinguedwinde/Projects/Web/dolo-cloud)
2021-05-14 18:17:17.037  INFO 13371 --- [restartedMain] c.silga.dolocloud.DoloCloudApplication   : No active profile set, falling back to default profiles: default
2021-05-14 18:17:17.072  INFO 13371 --- [restartedMain] .e.DevToolsPropertyDefaultsPostProcessor : Devtools property defaults active! Set 'spring.devtools.add-properties' to 'false' to disable
2021-05-14 18:17:17.072  INFO 13371 --- [restartedMain] .e.DevToolsPropertyDefaultsPostProcessor : For additional web related logging consider setting the 'logging.level.web' property to 'DEBUG'
2021-05-14 18:17:17.716  INFO 13371 --- [restartedMain] .s.d.r.c.RepositoryConfigurationDelegate : Bootstrapping Spring Data JPA repositories in DEFAULT mode.
2021-05-14 18:17:17.772  INFO 13371 --- [restartedMain] .s.d.r.c.RepositoryConfigurationDelegate : Finished Spring Data repository scanning in 49 ms. Found 4 JPA repository interfaces.
2021-05-14 18:17:18.422  INFO 13371 --- [restartedMain] o.s.b.w.embedded.tomcat.TomcatWebServer  : Tomcat initialized with port(s): 8090 (http)
2021-05-14 18:17:18.434  INFO 13371 --- [restartedMain] o.apache.catalina.core.StandardService   : Starting service [Tomcat]
2021-05-14 18:17:18.434  INFO 13371 --- [restartedMain] org.apache.catalina.core.StandardEngine  : Starting Servlet engine: [Apache Tomcat/9.0.45]
2021-05-14 18:17:18.535  INFO 13371 --- [restartedMain] o.a.c.c.C.[Tomcat].[localhost].[/]       : Initializing Spring embedded WebApplicationContext
2021-05-14 18:17:18.535  INFO 13371 --- [restartedMain] w.s.c.ServletWebServerApplicationContext : Root WebApplicationContext: initialization completed in 1462 ms
2021-05-14 18:17:18.621  INFO 13371 --- [restartedMain] com.zaxxer.hikari.HikariDataSource       : dolocloud - Starting...
2021-05-14 18:17:18.732  INFO 13371 --- [restartedMain] com.zaxxer.hikari.HikariDataSource       : dolocloud - Start completed.
2021-05-14 18:17:18.787  INFO 13371 --- [restartedMain] o.s.b.a.h2.H2ConsoleAutoConfiguration    : H2 console available at '/h2-console'. Database available at 'jdbc:h2:mem:dolocloud'
2021-05-14 18:17:18.943  INFO 13371 --- [restartedMain] o.s.b.d.a.OptionalLiveReloadServer       : LiveReload server is running on port 35729
2021-05-14 18:17:19.016  INFO 13371 --- [restartedMain] o.hibernate.jpa.internal.util.LogHelper  : HHH000204: Processing PersistenceUnitInfo [name: default]
2021-05-14 18:17:19.050  INFO 13371 --- [restartedMain] org.hibernate.Version                    : HHH000412: Hibernate ORM core version 5.4.30.Final
2021-05-14 18:17:19.126  INFO 13371 --- [restartedMain] o.hibernate.annotations.common.Version   : HCANN000001: Hibernate Commons Annotations {5.1.2.Final}
2021-05-14 18:17:19.206  INFO 13371 --- [restartedMain] org.hibernate.dialect.Dialect            : HHH000400: Using dialect: org.hibernate.dialect.H2Dialect
2021-05-14 18:17:19.694  INFO 13371 --- [restartedMain] o.h.e.t.j.p.i.JtaPlatformInitiator       : HHH000490: Using JtaPlatform implementation: [org.hibernate.engine.transaction.jta.platform.internal.NoJtaPlatform]
2021-05-14 18:17:19.700  INFO 13371 --- [restartedMain] j.LocalContainerEntityManagerFactoryBean : Initialized JPA EntityManagerFactory for persistence unit 'default'
2021-05-14 18:17:20.380  WARN 13371 --- [restartedMain] JpaBaseConfiguration$JpaWebConfiguration : spring.jpa.open-in-view is enabled by default. Therefore, database queries may be performed during view rendering. Explicitly configure spring.jpa.open-in-view to disable this warning
2021-05-14 18:17:20.965  INFO 13371 --- [restartedMain] o.s.s.web.DefaultSecurityFilterChain     : Will secure any request with [org.springframework.security.web.context.request.async.WebAsyncManagerIntegrationFilter@2655d41f, org.springframework.security.web.context.SecurityContextPersistenceFilter@31294dcb, org.springframework.security.web.header.HeaderWriterFilter@25151b89, org.springframework.security.web.csrf.CsrfFilter@adf8d19, org.springframework.security.web.authentication.logout.LogoutFilter@345e178a, org.springframework.security.oauth2.client.web.OAuth2AuthorizationRequestRedirectFilter@e341877, org.springframework.security.oauth2.client.web.OAuth2LoginAuthenticationFilter@88c82d9, org.springframework.security.web.authentication.UsernamePasswordAuthenticationFilter@415f46d7, org.springframework.security.web.savedrequest.RequestCacheAwareFilter@2c6fc7d6, org.springframework.security.web.servletapi.SecurityContextHolderAwareRequestFilter@2a491c5b, org.springframework.security.web.authentication.AnonymousAuthenticationFilter@2168e991, org.springframework.security.web.session.SessionManagementFilter@66aa686c, org.springframework.security.web.access.ExceptionTranslationFilter@38d2ce29, org.springframework.security.web.access.intercept.FilterSecurityInterceptor@3a5b2b1f]
2021-05-14 18:17:21.039  INFO 13371 --- [restartedMain] o.s.s.concurrent.ThreadPoolTaskExecutor  : Initializing ExecutorService 'applicationTaskExecutor'
2021-05-14 18:17:21.402  INFO 13371 --- [restartedMain] o.s.b.w.embedded.tomcat.TomcatWebServer  : Tomcat started on port(s): 8090 (http) with context path ''
2021-05-14 18:17:21.413  INFO 13371 --- [restartedMain] c.silga.dolocloud.DoloCloudApplication   : Started DoloCloudApplication in 4.645 seconds (JVM running for 10.303)
2021-05-14 18:17:33.787  INFO 13371 --- [http-nio-8090-exec-1] o.a.c.c.C.[Tomcat].[localhost].[/]       : Initializing Spring DispatcherServlet 'dispatcherServlet'
2021-05-14 18:17:33.787  INFO 13371 --- [http-nio-8090-exec-1] o.s.web.servlet.DispatcherServlet        : Initializing Servlet 'dispatcherServlet'
2021-05-14 18:17:33.789  INFO 13371 --- [http-nio-8090-exec-1] o.s.web.servlet.DispatcherServlet        : Completed initialization in 2 ms
2021-05-14 18:28:19.934  INFO 13371 --- [Thread-4] o.s.s.concurrent.ThreadPoolTaskExecutor  : Shutting down ExecutorService 'applicationTaskExecutor'
2021-05-14 18:28:19.938  INFO 13371 --- [Thread-4] j.LocalContainerEntityManagerFactoryBean : Closing JPA EntityManagerFactory for persistence unit 'default'
2021-05-14 18:28:19.939  INFO 13371 --- [Thread-4] .SchemaDropperImpl$DelayedDropActionImpl : HHH000477: Starting delayed evictData of schema as part of SessionFactory shut-down'
2021-05-14 18:28:20.167  WARN 13371 --- [Thread-4] o.s.b.f.support.DisposableBeanAdapter    : Invocation of destroy method failed on bean with name 'inMemoryDatabaseShutdownExecutor': org.h2.jdbc.JdbcSQLNonTransientConnectionException: Database is already closed (to disable automatic closing at VM shutdown, add ";DB_CLOSE_ON_EXIT=FALSE" to the db URL) [90121-200]
2021-05-14 18:28:20.168  INFO 13371 --- [Thread-4] com.zaxxer.hikari.HikariDataSource       : dolocloud - Shutdown initiated...
2021-05-14 18:28:20.169  INFO 13371 --- [Thread-4] com.zaxxer.hikari.HikariDataSource       : dolocloud - Shutdown completed.
2021-05-14 18:28:25.247  INFO 13371 --- [restartedMain] c.silga.dolocloud.DoloCloudApplication   : Starting DoloCloudApplication using Java 16.0.1 on SILGAs-MacBook-Pro.local with PID 13371 (/Users/pinguedwinde/Projects/Web/dolo-cloud/target/classes started by pinguedwinde in /Users/pinguedwinde/Projects/Web/dolo-cloud)
2021-05-14 18:28:25.248  INFO 13371 --- [restartedMain] c.silga.dolocloud.DoloCloudApplication   : No active profile set, falling back to default profiles: default
2021-05-14 18:28:25.398  INFO 13371 --- [restartedMain] .s.d.r.c.RepositoryConfigurationDelegate : Bootstrapping Spring Data JPA repositories in DEFAULT mode.
2021-05-14 18:28:25.415  INFO 13371 --- [restartedMain] .s.d.r.c.RepositoryConfigurationDelegate : Finished Spring Data repository scanning in 16 ms. Found 4 JPA repository interfaces.
2021-05-14 18:28:25.516  INFO 13371 --- [restartedMain] o.s.b.w.embedded.tomcat.TomcatWebServer  : Tomcat initialized with port(s): 8090 (http)
2021-05-14 18:28:25.517  INFO 13371 --- [restartedMain] o.apache.catalina.core.StandardService   : Starting service [Tomcat]
2021-05-14 18:28:25.517  INFO 13371 --- [restartedMain] org.apache.catalina.core.StandardEngine  : Starting Servlet engine: [Apache Tomcat/9.0.45]
2021-05-14 18:28:25.529  INFO 13371 --- [restartedMain] o.a.c.c.C.[Tomcat].[localhost].[/]       : Initializing Spring embedded WebApplicationContext
2021-05-14 18:28:25.529  INFO 13371 --- [restartedMain] w.s.c.ServletWebServerApplicationContext : Root WebApplicationContext: initialization completed in 279 ms
2021-05-14 18:28:25.542  INFO 13371 --- [restartedMain] com.zaxxer.hikari.HikariDataSource       : dolocloud - Starting...
2021-05-14 18:28:25.544  INFO 13371 --- [restartedMain] com.zaxxer.hikari.HikariDataSource       : dolocloud - Start completed.
2021-05-14 18:28:25.551  INFO 13371 --- [restartedMain] o.s.b.a.h2.H2ConsoleAutoConfiguration    : H2 console available at '/h2-console'. Database available at 'jdbc:h2:mem:dolocloud'
2021-05-14 18:28:25.566  INFO 13371 --- [restartedMain] o.s.b.d.a.OptionalLiveReloadServer       : LiveReload server is running on port 35729
2021-05-14 18:28:25.577  INFO 13371 --- [restartedMain] o.hibernate.jpa.internal.util.LogHelper  : HHH000204: Processing PersistenceUnitInfo [name: default]
2021-05-14 18:28:25.581  INFO 13371 --- [restartedMain] org.hibernate.dialect.Dialect            : HHH000400: Using dialect: org.hibernate.dialect.H2Dialect
2021-05-14 18:28:25.658  INFO 13371 --- [restartedMain] o.h.e.t.j.p.i.JtaPlatformInitiator       : HHH000490: Using JtaPlatform implementation: [org.hibernate.engine.transaction.jta.platform.internal.NoJtaPlatform]
2021-05-14 18:28:25.659  INFO 13371 --- [restartedMain] j.LocalContainerEntityManagerFactoryBean : Initialized JPA EntityManagerFactory for persistence unit 'default'
2021-05-14 18:28:25.985  WARN 13371 --- [restartedMain] JpaBaseConfiguration$JpaWebConfiguration : spring.jpa.open-in-view is enabled by default. Therefore, database queries may be performed during view rendering. Explicitly configure spring.jpa.open-in-view to disable this warning
2021-05-14 18:28:26.091  INFO 13371 --- [restartedMain] o.s.s.web.DefaultSecurityFilterChain     : Will secure any request with [org.springframework.security.web.context.request.async.WebAsyncManagerIntegrationFilter@9855a77, org.springframework.security.web.context.SecurityContextPersistenceFilter@2dad4830, org.springframework.security.web.header.HeaderWriterFilter@3731e4c9, org.springframework.security.web.csrf.CsrfFilter@62548350, org.springframework.security.web.authentication.logout.LogoutFilter@3fa5f74e, org.springframework.security.oauth2.client.web.OAuth2AuthorizationRequestRedirectFilter@3967b5e6, org.springframework.security.oauth2.client.web.OAuth2LoginAuthenticationFilter@2130bf72, org.springframework.security.web.authentication.UsernamePasswordAuthenticationFilter@711817ee, org.springframework.security.web.savedrequest.RequestCacheAwareFilter@3072560, org.springframework.security.web.servletapi.SecurityContextHolderAwareRequestFilter@3ba88e65, org.springframework.security.web.authentication.AnonymousAuthenticationFilter@38139bce, org.springframework.security.web.session.SessionManagementFilter@6ba50817, org.springframework.security.web.access.ExceptionTranslationFilter@2f202489, org.springframework.security.web.access.intercept.FilterSecurityInterceptor@54bf845f]
2021-05-14 18:28:26.102  INFO 13371 --- [restartedMain] o.s.s.concurrent.ThreadPoolTaskExecutor  : Initializing ExecutorService 'applicationTaskExecutor'
2021-05-14 18:28:26.178  INFO 13371 --- [restartedMain] o.s.b.w.embedded.tomcat.TomcatWebServer  : Tomcat started on port(s): 8090 (http) with context path ''
2021-05-14 18:28:26.182  INFO 13371 --- [restartedMain] c.silga.dolocloud.DoloCloudApplication   : Started DoloCloudApplication in 5.961 seconds (JVM running for 675.09)
2021-05-14 18:28:26.197  INFO 13371 --- [restartedMain] .ConditionEvaluationDeltaLoggingListener : Condition evaluation unchanged
2021-05-14 18:28:45.309  INFO 13371 --- [http-nio-8090-exec-1] o.a.c.c.C.[Tomcat].[localhost].[/]       : Initializing Spring DispatcherServlet 'dispatcherServlet'
2021-05-14 18:28:45.310  INFO 13371 --- [http-nio-8090-exec-1] o.s.web.servlet.DispatcherServlet        : Initializing Servlet 'dispatcherServlet'
2021-05-14 18:28:45.311  INFO 13371 --- [http-nio-8090-exec-1] o.s.web.servlet.DispatcherServlet        : Completed initialization in 1 ms
2021-05-14 18:40:06.408  INFO 13371 --- [Thread-8] o.s.s.concurrent.ThreadPoolTaskExecutor  : Shutting down ExecutorService 'applicationTaskExecutor'
2021-05-14 18:40:06.411  INFO 13371 --- [Thread-8] j.LocalContainerEntityManagerFactoryBean : Closing JPA EntityManagerFactory for persistence unit 'default'
2021-05-14 18:40:06.412  INFO 13371 --- [Thread-8] .SchemaDropperImpl$DelayedDropActionImpl : HHH000477: Starting delayed evictData of schema as part of SessionFactory shut-down'
2021-05-14 18:40:06.624  WARN 13371 --- [Thread-8] o.s.b.f.support.DisposableBeanAdapter    : Invocation of destroy method failed on bean with name 'inMemoryDatabaseShutdownExecutor': org.h2.jdbc.JdbcSQLNonTransientConnectionException: Database is already closed (to disable automatic closing at VM shutdown, add ";DB_CLOSE_ON_EXIT=FALSE" to the db URL) [90121-200]
2021-05-14 18:40:06.625  INFO 13371 --- [Thread-8] com.zaxxer.hikari.HikariDataSource       : dolocloud - Shutdown initiated...
2021-05-14 18:40:06.625  INFO 13371 --- [Thread-8] com.zaxxer.hikari.HikariDataSource       : dolocloud - Shutdown completed.
2021-05-14 18:40:11.758  INFO 13371 --- [restartedMain] c.silga.dolocloud.DoloCloudApplication   : Starting DoloCloudApplication using Java 16.0.1 on SILGAs-MacBook-Pro.local with PID 13371 (/Users/pinguedwinde/Projects/Web/dolo-cloud/target/classes started by pinguedwinde in /Users/pinguedwinde/Projects/Web/dolo-cloud)
2021-05-14 18:40:11.759  INFO 13371 --- [restartedMain] c.silga.dolocloud.DoloCloudApplication   : No active profile set, falling back to default profiles: default
2021-05-14 18:40:12.105  INFO 13371 --- [restartedMain] .s.d.r.c.RepositoryConfigurationDelegate : Bootstrapping Spring Data JPA repositories in DEFAULT mode.
2021-05-14 18:40:12.146  INFO 13371 --- [restartedMain] .s.d.r.c.RepositoryConfigurationDelegate : Finished Spring Data repository scanning in 38 ms. Found 4 JPA repository interfaces.
2021-05-14 18:40:12.311  INFO 13371 --- [restartedMain] o.s.b.w.embedded.tomcat.TomcatWebServer  : Tomcat initialized with port(s): 8090 (http)
2021-05-14 18:40:12.312  INFO 13371 --- [restartedMain] o.apache.catalina.core.StandardService   : Starting service [Tomcat]
2021-05-14 18:40:12.312  INFO 13371 --- [restartedMain] org.apache.catalina.core.StandardEngine  : Starting Servlet engine: [Apache Tomcat/9.0.45]
2021-05-14 18:40:12.331  INFO 13371 --- [restartedMain] o.a.c.c.C.[Tomcat].[localhost].[/]       : Initializing Spring embedded WebApplicationContext
2021-05-14 18:40:12.331  INFO 13371 --- [restartedMain] w.s.c.ServletWebServerApplicationContext : Root WebApplicationContext: initialization completed in 569 ms
2021-05-14 18:40:12.352  INFO 13371 --- [restartedMain] com.zaxxer.hikari.HikariDataSource       : dolocloud - Starting...
2021-05-14 18:40:12.355  INFO 13371 --- [restartedMain] com.zaxxer.hikari.HikariDataSource       : dolocloud - Start completed.
2021-05-14 18:40:12.368  INFO 13371 --- [restartedMain] o.s.b.a.h2.H2ConsoleAutoConfiguration    : H2 console available at '/h2-console'. Database available at 'jdbc:h2:mem:dolocloud'
2021-05-14 18:40:12.395  INFO 13371 --- [restartedMain] o.s.b.d.a.OptionalLiveReloadServer       : LiveReload server is running on port 35729
2021-05-14 18:40:12.415  INFO 13371 --- [restartedMain] o.hibernate.jpa.internal.util.LogHelper  : HHH000204: Processing PersistenceUnitInfo [name: default]
2021-05-14 18:40:12.422  INFO 13371 --- [restartedMain] org.hibernate.dialect.Dialect            : HHH000400: Using dialect: org.hibernate.dialect.H2Dialect
2021-05-14 18:40:12.523  INFO 13371 --- [restartedMain] o.h.e.t.j.p.i.JtaPlatformInitiator       : HHH000490: Using JtaPlatform implementation: [org.hibernate.engine.transaction.jta.platform.internal.NoJtaPlatform]
2021-05-14 18:40:12.523  INFO 13371 --- [restartedMain] j.LocalContainerEntityManagerFactoryBean : Initialized JPA EntityManagerFactory for persistence unit 'default'
2021-05-14 18:40:12.972  WARN 13371 --- [restartedMain] JpaBaseConfiguration$JpaWebConfiguration : spring.jpa.open-in-view is enabled by default. Therefore, database queries may be performed during view rendering. Explicitly configure spring.jpa.open-in-view to disable this warning
2021-05-14 18:40:13.078  INFO 13371 --- [restartedMain] o.s.s.web.DefaultSecurityFilterChain     : Will secure any request with [org.springframework.security.web.context.request.async.WebAsyncManagerIntegrationFilter@4b7ed62e, org.springframework.security.web.context.SecurityContextPersistenceFilter@5e1896a2, org.springframework.security.web.header.HeaderWriterFilter@1743de07, org.springframework.security.web.csrf.CsrfFilter@171950be, org.springframework.security.web.authentication.logout.LogoutFilter@23913553, org.springframework.security.oauth2.client.web.OAuth2AuthorizationRequestRedirectFilter@3b85d212, org.springframework.security.oauth2.client.web.OAuth2LoginAuthenticationFilter@49b4fbd4, org.springframework.security.web.authentication.UsernamePasswordAuthenticationFilter@14b88b84, org.springframework.security.web.savedrequest.RequestCacheAwareFilter@7e5dc0d0, org.springframework.security.web.servletapi.SecurityContextHolderAwareRequestFilter@77679afa, org.springframework.security.web.authentication.AnonymousAuthenticationFilter@1bca806e, org.springframework.security.web.session.SessionManagementFilter@3d9bac7, org.springframework.security.web.access.ExceptionTranslationFilter@be56019, org.springframework.security.web.access.intercept.FilterSecurityInterceptor@692d6ca0]
2021-05-14 18:40:13.089  INFO 13371 --- [restartedMain] o.s.s.concurrent.ThreadPoolTaskExecutor  : Initializing ExecutorService 'applicationTaskExecutor'
2021-05-14 18:40:13.161  INFO 13371 --- [restartedMain] o.s.b.w.embedded.tomcat.TomcatWebServer  : Tomcat started on port(s): 8090 (http) with context path ''
2021-05-14 18:40:13.165  INFO 13371 --- [restartedMain] c.silga.dolocloud.DoloCloudApplication   : Started DoloCloudApplication in 6.452 seconds (JVM running for 1382.107)
2021-05-14 18:40:13.178  INFO 13371 --- [restartedMain] .ConditionEvaluationDeltaLoggingListener : Condition evaluation unchanged
2021-05-14 18:40:14.581  INFO 13371 --- [Thread-14] o.s.s.concurrent.ThreadPoolTaskExecutor  : Shutting down ExecutorService 'applicationTaskExecutor'
2021-05-14 18:40:14.582  INFO 13371 --- [Thread-14] j.LocalContainerEntityManagerFactoryBean : Closing JPA EntityManagerFactory for persistence unit 'default'
2021-05-14 18:40:14.583  INFO 13371 --- [Thread-14] .SchemaDropperImpl$DelayedDropActionImpl : HHH000477: Starting delayed evictData of schema as part of SessionFactory shut-down'
2021-05-14 18:40:14.787  WARN 13371 --- [Thread-14] o.s.b.f.support.DisposableBeanAdapter    : Invocation of destroy method failed on bean with name 'inMemoryDatabaseShutdownExecutor': org.h2.jdbc.JdbcSQLNonTransientConnectionException: Database is already closed (to disable automatic closing at VM shutdown, add ";DB_CLOSE_ON_EXIT=FALSE" to the db URL) [90121-200]
2021-05-14 18:40:14.787  INFO 13371 --- [Thread-14] com.zaxxer.hikari.HikariDataSource       : dolocloud - Shutdown initiated...
2021-05-14 18:40:14.788  INFO 13371 --- [Thread-14] com.zaxxer.hikari.HikariDataSource       : dolocloud - Shutdown completed.
2021-05-14 18:40:14.858  INFO 13371 --- [restartedMain] c.silga.dolocloud.DoloCloudApplication   : Starting DoloCloudApplication using Java 16.0.1 on SILGAs-MacBook-Pro.local with PID 13371 (/Users/pinguedwinde/Projects/Web/dolo-cloud/target/classes started by pinguedwinde in /Users/pinguedwinde/Projects/Web/dolo-cloud)
2021-05-14 18:40:14.858  INFO 13371 --- [restartedMain] c.silga.dolocloud.DoloCloudApplication   : No active profile set, falling back to default profiles: default
2021-05-14 18:40:14.997  INFO 13371 --- [restartedMain] .s.d.r.c.RepositoryConfigurationDelegate : Bootstrapping Spring Data JPA repositories in DEFAULT mode.
2021-05-14 18:40:15.008  INFO 13371 --- [restartedMain] .s.d.r.c.RepositoryConfigurationDelegate : Finished Spring Data repository scanning in 11 ms. Found 4 JPA repository interfaces.
2021-05-14 18:40:15.275  INFO 13371 --- [restartedMain] o.s.b.w.embedded.tomcat.TomcatWebServer  : Tomcat initialized with port(s): 8090 (http)
2021-05-14 18:40:15.276  INFO 13371 --- [restartedMain] o.apache.catalina.core.StandardService   : Starting service [Tomcat]
2021-05-14 18:40:15.277  INFO 13371 --- [restartedMain] org.apache.catalina.core.StandardEngine  : Starting Servlet engine: [Apache Tomcat/9.0.45]
2021-05-14 18:40:15.294  INFO 13371 --- [restartedMain] o.a.c.c.C.[Tomcat].[localhost].[/]       : Initializing Spring embedded WebApplicationContext
2021-05-14 18:40:15.295  INFO 13371 --- [restartedMain] w.s.c.ServletWebServerApplicationContext : Root WebApplicationContext: initialization completed in 435 ms
2021-05-14 18:40:15.320  INFO 13371 --- [restartedMain] com.zaxxer.hikari.HikariDataSource       : dolocloud - Starting...
2021-05-14 18:40:15.333  INFO 13371 --- [restartedMain] com.zaxxer.hikari.HikariDataSource       : dolocloud - Start completed.
2021-05-14 18:40:15.341  INFO 13371 --- [restartedMain] o.s.b.a.h2.H2ConsoleAutoConfiguration    : H2 console available at '/h2-console'. Database available at 'jdbc:h2:mem:dolocloud'
2021-05-14 18:40:15.367  INFO 13371 --- [restartedMain] o.s.b.d.a.OptionalLiveReloadServer       : LiveReload server is running on port 35729
2021-05-14 18:40:15.389  INFO 13371 --- [restartedMain] o.hibernate.jpa.internal.util.LogHelper  : HHH000204: Processing PersistenceUnitInfo [name: default]
2021-05-14 18:40:15.397  INFO 13371 --- [restartedMain] org.hibernate.dialect.Dialect            : HHH000400: Using dialect: org.hibernate.dialect.H2Dialect
2021-05-14 18:40:15.498  INFO 13371 --- [restartedMain] o.h.e.t.j.p.i.JtaPlatformInitiator       : HHH000490: Using JtaPlatform implementation: [org.hibernate.engine.transaction.jta.platform.internal.NoJtaPlatform]
2021-05-14 18:40:15.498  INFO 13371 --- [restartedMain] j.LocalContainerEntityManagerFactoryBean : Initialized JPA EntityManagerFactory for persistence unit 'default'
2021-05-14 18:40:15.929  WARN 13371 --- [restartedMain] JpaBaseConfiguration$JpaWebConfiguration : spring.jpa.open-in-view is enabled by default. Therefore, database queries may be performed during view rendering. Explicitly configure spring.jpa.open-in-view to disable this warning
2021-05-14 18:40:16.168  INFO 13371 --- [restartedMain] o.s.s.web.DefaultSecurityFilterChain     : Will secure any request with [org.springframework.security.web.context.request.async.WebAsyncManagerIntegrationFilter@73e071d4, org.springframework.security.web.context.SecurityContextPersistenceFilter@50060d7e, org.springframework.security.web.header.HeaderWriterFilter@7017aea3, org.springframework.security.web.csrf.CsrfFilter@1a0a9143, org.springframework.security.web.authentication.logout.LogoutFilter@19c76be9, org.springframework.security.oauth2.client.web.OAuth2AuthorizationRequestRedirectFilter@120f7e8c, org.springframework.security.oauth2.client.web.OAuth2LoginAuthenticationFilter@330db612, org.springframework.security.web.authentication.UsernamePasswordAuthenticationFilter@1fdaad61, org.springframework.security.web.savedrequest.RequestCacheAwareFilter@6ac8a571, org.springframework.security.web.servletapi.SecurityContextHolderAwareRequestFilter@27676c3d, org.springframework.security.web.authentication.AnonymousAuthenticationFilter@399b6b6c, org.springframework.security.web.session.SessionManagementFilter@1e48077d, org.springframework.security.web.access.ExceptionTranslationFilter@a860e49, org.springframework.security.web.access.intercept.FilterSecurityInterceptor@190b34cb]
2021-05-14 18:40:16.180  INFO 13371 --- [restartedMain] o.s.s.concurrent.ThreadPoolTaskExecutor  : Initializing ExecutorService 'applicationTaskExecutor'
2021-05-14 18:40:16.261  INFO 13371 --- [restartedMain] o.s.b.w.embedded.tomcat.TomcatWebServer  : Tomcat started on port(s): 8090 (http) with context path ''
2021-05-14 18:40:16.265  INFO 13371 --- [restartedMain] c.silga.dolocloud.DoloCloudApplication   : Started DoloCloudApplication in 1.425 seconds (JVM running for 1385.208)
2021-05-14 18:40:16.278  INFO 13371 --- [restartedMain] .ConditionEvaluationDeltaLoggingListener : Condition evaluation unchanged
2021-05-14 18:41:02.089  INFO 13371 --- [Thread-19] o.s.s.concurrent.ThreadPoolTaskExecutor  : Shutting down ExecutorService 'applicationTaskExecutor'
2021-05-14 18:41:02.091  INFO 13371 --- [Thread-19] j.LocalContainerEntityManagerFactoryBean : Closing JPA EntityManagerFactory for persistence unit 'default'
2021-05-14 18:41:02.091  INFO 13371 --- [Thread-19] .SchemaDropperImpl$DelayedDropActionImpl : HHH000477: Starting delayed evictData of schema as part of SessionFactory shut-down'
2021-05-14 18:41:02.298  WARN 13371 --- [Thread-19] o.s.b.f.support.DisposableBeanAdapter    : Invocation of destroy method failed on bean with name 'inMemoryDatabaseShutdownExecutor': org.h2.jdbc.JdbcSQLNonTransientConnectionException: Database is already closed (to disable automatic closing at VM shutdown, add ";DB_CLOSE_ON_EXIT=FALSE" to the db URL) [90121-200]
2021-05-14 18:41:02.299  INFO 13371 --- [Thread-19] com.zaxxer.hikari.HikariDataSource       : dolocloud - Shutdown initiated...
2021-05-14 18:41:02.299  INFO 13371 --- [Thread-19] com.zaxxer.hikari.HikariDataSource       : dolocloud - Shutdown completed.
2021-05-14 18:41:07.375  INFO 13371 --- [restartedMain] c.silga.dolocloud.DoloCloudApplication   : Starting DoloCloudApplication using Java 16.0.1 on SILGAs-MacBook-Pro.local with PID 13371 (/Users/pinguedwinde/Projects/Web/dolo-cloud/target/classes started by pinguedwinde in /Users/pinguedwinde/Projects/Web/dolo-cloud)
2021-05-14 18:41:07.375  INFO 13371 --- [restartedMain] c.silga.dolocloud.DoloCloudApplication   : No active profile set, falling back to default profiles: default
2021-05-14 18:41:07.499  INFO 13371 --- [restartedMain] .s.d.r.c.RepositoryConfigurationDelegate : Bootstrapping Spring Data JPA repositories in DEFAULT mode.
2021-05-14 18:41:07.511  INFO 13371 --- [restartedMain] .s.d.r.c.RepositoryConfigurationDelegate : Finished Spring Data repository scanning in 11 ms. Found 4 JPA repository interfaces.
2021-05-14 18:41:07.600  INFO 13371 --- [restartedMain] o.s.b.w.embedded.tomcat.TomcatWebServer  : Tomcat initialized with port(s): 8090 (http)
2021-05-14 18:41:07.600  INFO 13371 --- [restartedMain] o.apache.catalina.core.StandardService   : Starting service [Tomcat]
2021-05-14 18:41:07.600  INFO 13371 --- [restartedMain] org.apache.catalina.core.StandardEngine  : Starting Servlet engine: [Apache Tomcat/9.0.45]
2021-05-14 18:41:07.611  INFO 13371 --- [restartedMain] o.a.c.c.C.[Tomcat].[localhost].[/]       : Initializing Spring embedded WebApplicationContext
2021-05-14 18:41:07.611  INFO 13371 --- [restartedMain] w.s.c.ServletWebServerApplicationContext : Root WebApplicationContext: initialization completed in 234 ms
2021-05-14 18:41:07.625  INFO 13371 --- [restartedMain] com.zaxxer.hikari.HikariDataSource       : dolocloud - Starting...
2021-05-14 18:41:07.627  INFO 13371 --- [restartedMain] com.zaxxer.hikari.HikariDataSource       : dolocloud - Start completed.
2021-05-14 18:41:07.632  INFO 13371 --- [restartedMain] o.s.b.a.h2.H2ConsoleAutoConfiguration    : H2 console available at '/h2-console'. Database available at 'jdbc:h2:mem:dolocloud'
2021-05-14 18:41:07.647  INFO 13371 --- [restartedMain] o.s.b.d.a.OptionalLiveReloadServer       : LiveReload server is running on port 35729
2021-05-14 18:41:07.657  INFO 13371 --- [restartedMain] o.hibernate.jpa.internal.util.LogHelper  : HHH000204: Processing PersistenceUnitInfo [name: default]
2021-05-14 18:41:07.661  INFO 13371 --- [restartedMain] org.hibernate.dialect.Dialect            : HHH000400: Using dialect: org.hibernate.dialect.H2Dialect
2021-05-14 18:41:07.714  INFO 13371 --- [restartedMain] o.h.e.t.j.p.i.JtaPlatformInitiator       : HHH000490: Using JtaPlatform implementation: [org.hibernate.engine.transaction.jta.platform.internal.NoJtaPlatform]
2021-05-14 18:41:07.714  INFO 13371 --- [restartedMain] j.LocalContainerEntityManagerFactoryBean : Initialized JPA EntityManagerFactory for persistence unit 'default'
2021-05-14 18:41:08.026  WARN 13371 --- [restartedMain] JpaBaseConfiguration$JpaWebConfiguration : spring.jpa.open-in-view is enabled by default. Therefore, database queries may be performed during view rendering. Explicitly configure spring.jpa.open-in-view to disable this warning
2021-05-14 18:41:08.128  INFO 13371 --- [restartedMain] o.s.s.web.DefaultSecurityFilterChain     : Will secure any request with [org.springframework.security.web.context.request.async.WebAsyncManagerIntegrationFilter@154be95a, org.springframework.security.web.context.SecurityContextPersistenceFilter@4e0eded9, org.springframework.security.web.header.HeaderWriterFilter@4ece813b, org.springframework.security.web.csrf.CsrfFilter@84db49e, org.springframework.security.web.authentication.logout.LogoutFilter@10927fb8, org.springframework.security.oauth2.client.web.OAuth2AuthorizationRequestRedirectFilter@7183437, org.springframework.security.oauth2.client.web.OAuth2LoginAuthenticationFilter@1d554c3d, org.springframework.security.web.authentication.UsernamePasswordAuthenticationFilter@70578967, org.springframework.security.web.savedrequest.RequestCacheAwareFilter@2a26425d, org.springframework.security.web.servletapi.SecurityContextHolderAwareRequestFilter@10dbc97b, org.springframework.security.web.authentication.AnonymousAuthenticationFilter@591b5625, org.springframework.security.web.session.SessionManagementFilter@2b026663, org.springframework.security.web.access.ExceptionTranslationFilter@4104b91c, org.springframework.security.web.access.intercept.FilterSecurityInterceptor@2655c86d]
2021-05-14 18:41:08.139  INFO 13371 --- [restartedMain] o.s.s.concurrent.ThreadPoolTaskExecutor  : Initializing ExecutorService 'applicationTaskExecutor'
2021-05-14 18:41:08.207  INFO 13371 --- [restartedMain] o.s.b.w.embedded.tomcat.TomcatWebServer  : Tomcat started on port(s): 8090 (http) with context path ''
2021-05-14 18:41:08.211  INFO 13371 --- [restartedMain] c.silga.dolocloud.DoloCloudApplication   : Started DoloCloudApplication in 5.859 seconds (JVM running for 1437.155)
2021-05-14 18:41:08.223  INFO 13371 --- [restartedMain] .ConditionEvaluationDeltaLoggingListener : Condition evaluation unchanged
2021-05-14 18:41:09.620  INFO 13371 --- [Thread-24] o.s.s.concurrent.ThreadPoolTaskExecutor  : Shutting down ExecutorService 'applicationTaskExecutor'
2021-05-14 18:41:09.622  INFO 13371 --- [Thread-24] j.LocalContainerEntityManagerFactoryBean : Closing JPA EntityManagerFactory for persistence unit 'default'
2021-05-14 18:41:09.622  INFO 13371 --- [Thread-24] .SchemaDropperImpl$DelayedDropActionImpl : HHH000477: Starting delayed evictData of schema as part of SessionFactory shut-down'
2021-05-14 18:41:09.827  WARN 13371 --- [Thread-24] o.s.b.f.support.DisposableBeanAdapter    : Invocation of destroy method failed on bean with name 'inMemoryDatabaseShutdownExecutor': org.h2.jdbc.JdbcSQLNonTransientConnectionException: Database is already closed (to disable automatic closing at VM shutdown, add ";DB_CLOSE_ON_EXIT=FALSE" to the db URL) [90121-200]
2021-05-14 18:41:09.828  INFO 13371 --- [Thread-24] com.zaxxer.hikari.HikariDataSource       : dolocloud - Shutdown initiated...
2021-05-14 18:41:09.829  INFO 13371 --- [Thread-24] com.zaxxer.hikari.HikariDataSource       : dolocloud - Shutdown completed.
2021-05-14 18:41:09.893  INFO 13371 --- [restartedMain] c.silga.dolocloud.DoloCloudApplication   : Starting DoloCloudApplication using Java 16.0.1 on SILGAs-MacBook-Pro.local with PID 13371 (/Users/pinguedwinde/Projects/Web/dolo-cloud/target/classes started by pinguedwinde in /Users/pinguedwinde/Projects/Web/dolo-cloud)
2021-05-14 18:41:09.894  INFO 13371 --- [restartedMain] c.silga.dolocloud.DoloCloudApplication   : No active profile set, falling back to default profiles: default
2021-05-14 18:41:10.012  INFO 13371 --- [restartedMain] .s.d.r.c.RepositoryConfigurationDelegate : Bootstrapping Spring Data JPA repositories in DEFAULT mode.
2021-05-14 18:41:10.023  INFO 13371 --- [restartedMain] .s.d.r.c.RepositoryConfigurationDelegate : Finished Spring Data repository scanning in 10 ms. Found 4 JPA repository interfaces.
2021-05-14 18:41:10.110  INFO 13371 --- [restartedMain] o.s.b.w.embedded.tomcat.TomcatWebServer  : Tomcat initialized with port(s): 8090 (http)
2021-05-14 18:41:10.111  INFO 13371 --- [restartedMain] o.apache.catalina.core.StandardService   : Starting service [Tomcat]
2021-05-14 18:41:10.111  INFO 13371 --- [restartedMain] org.apache.catalina.core.StandardEngine  : Starting Servlet engine: [Apache Tomcat/9.0.45]
2021-05-14 18:41:10.121  INFO 13371 --- [restartedMain] o.a.c.c.C.[Tomcat].[localhost].[/]       : Initializing Spring embedded WebApplicationContext
2021-05-14 18:41:10.121  INFO 13371 --- [restartedMain] w.s.c.ServletWebServerApplicationContext : Root WebApplicationContext: initialization completed in 226 ms
2021-05-14 18:41:10.134  INFO 13371 --- [restartedMain] com.zaxxer.hikari.HikariDataSource       : dolocloud - Starting...
2021-05-14 18:41:10.135  INFO 13371 --- [restartedMain] com.zaxxer.hikari.HikariDataSource       : dolocloud - Start completed.
2021-05-14 18:41:10.140  INFO 13371 --- [restartedMain] o.s.b.a.h2.H2ConsoleAutoConfiguration    : H2 console available at '/h2-console'. Database available at 'jdbc:h2:mem:dolocloud'
2021-05-14 18:41:10.156  INFO 13371 --- [restartedMain] o.s.b.d.a.OptionalLiveReloadServer       : LiveReload server is running on port 35729
2021-05-14 18:41:10.166  INFO 13371 --- [restartedMain] o.hibernate.jpa.internal.util.LogHelper  : HHH000204: Processing PersistenceUnitInfo [name: default]
2021-05-14 18:41:10.170  INFO 13371 --- [restartedMain] org.hibernate.dialect.Dialect            : HHH000400: Using dialect: org.hibernate.dialect.H2Dialect
2021-05-14 18:41:10.220  INFO 13371 --- [restartedMain] o.h.e.t.j.p.i.JtaPlatformInitiator       : HHH000490: Using JtaPlatform implementation: [org.hibernate.engine.transaction.jta.platform.internal.NoJtaPlatform]
2021-05-14 18:41:10.221  INFO 13371 --- [restartedMain] j.LocalContainerEntityManagerFactoryBean : Initialized JPA EntityManagerFactory for persistence unit 'default'
2021-05-14 18:41:10.528  WARN 13371 --- [restartedMain] JpaBaseConfiguration$JpaWebConfiguration : spring.jpa.open-in-view is enabled by default. Therefore, database queries may be performed during view rendering. Explicitly configure spring.jpa.open-in-view to disable this warning
2021-05-14 18:41:10.634  INFO 13371 --- [restartedMain] o.s.s.web.DefaultSecurityFilterChain     : Will secure any request with [org.springframework.security.web.context.request.async.WebAsyncManagerIntegrationFilter@1742ed85, org.springframework.security.web.context.SecurityContextPersistenceFilter@2c7e9283, org.springframework.security.web.header.HeaderWriterFilter@3d75c6ef, org.springframework.security.web.csrf.CsrfFilter@1e421f9e, org.springframework.security.web.authentication.logout.LogoutFilter@4b372b2a, org.springframework.security.oauth2.client.web.OAuth2AuthorizationRequestRedirectFilter@9a164ee, org.springframework.security.oauth2.client.web.OAuth2LoginAuthenticationFilter@6255f852, org.springframework.security.web.authentication.UsernamePasswordAuthenticationFilter@3980e68d, org.springframework.security.web.savedrequest.RequestCacheAwareFilter@5473cbdc, org.springframework.security.web.servletapi.SecurityContextHolderAwareRequestFilter@47a22d03, org.springframework.security.web.authentication.AnonymousAuthenticationFilter@2948d56e, org.springframework.security.web.session.SessionManagementFilter@224ec7bb, org.springframework.security.web.access.ExceptionTranslationFilter@2bfa71e9, org.springframework.security.web.access.intercept.FilterSecurityInterceptor@3f395b76]
2021-05-14 18:41:10.646  INFO 13371 --- [restartedMain] o.s.s.concurrent.ThreadPoolTaskExecutor  : Initializing ExecutorService 'applicationTaskExecutor'
2021-05-14 18:41:10.714  INFO 13371 --- [restartedMain] o.s.b.w.embedded.tomcat.TomcatWebServer  : Tomcat started on port(s): 8090 (http) with context path ''
2021-05-14 18:41:10.718  INFO 13371 --- [restartedMain] c.silga.dolocloud.DoloCloudApplication   : Started DoloCloudApplication in 0.842 seconds (JVM running for 1439.663)
2021-05-14 18:41:10.730  INFO 13371 --- [restartedMain] .ConditionEvaluationDeltaLoggingListener : Condition evaluation unchanged
2021-05-14 18:41:11.851  INFO 13371 --- [http-nio-8090-exec-1] o.a.c.c.C.[Tomcat].[localhost].[/]       : Initializing Spring DispatcherServlet 'dispatcherServlet'
2021-05-14 18:41:11.851  INFO 13371 --- [http-nio-8090-exec-1] o.s.web.servlet.DispatcherServlet        : Initializing Servlet 'dispatcherServlet'
2021-05-14 18:41:11.852  INFO 13371 --- [http-nio-8090-exec-1] o.s.web.servlet.DispatcherServlet        : Completed initialization in 1 ms
2021-05-14 19:14:34.253  WARN 13371 --- [dolocloud housekeeper] com.zaxxer.hikari.pool.HikariPool        : dolocloud - Thread starvation or clock leap detected (housekeeper delta=20m23s946ms).
2021-05-14 19:34:55.667  WARN 13371 --- [dolocloud housekeeper] com.zaxxer.hikari.pool.HikariPool        : dolocloud - Thread starvation or clock leap detected (housekeeper delta=20m21s415ms).
2021-05-14 19:42:39.820  WARN 13371 --- [dolocloud housekeeper] com.zaxxer.hikari.pool.HikariPool        : dolocloud - Thread starvation or clock leap detected (housekeeper delta=7m44s153ms).
